2024-04-18 18:51:15 | INFO | {"firstName":"mora","LastName":"mohamed","email":"mohamed@gmail.com","password":"123456aS"}
2024-04-18 18:56:26 | INFO | {"firstName":"mora","LastName":"mohamed","email":"mohamed@gmail.com","password":"123456aS"}
2024-04-18 18:56:26 | ERROR | undefined
2024-04-20 16:23:35 | INFO | {"email":"ahamed@gmail.com","password":"123456aS"}
2024-04-20 16:24:35 | INFO | {"email":"mora@gmail.com","password":"123456aS"}
2024-04-20 16:29:30 | INFO | {"email":"mora@gmail.com","password":"123456aS"}
2024-04-20 16:54:34 | INFO | {"email":"mora@gmail.com","password":"123456aS"}
2024-04-20 16:56:26 | INFO | {"email":"mohamed@gmail.com","password":"123456aS"}
2024-04-20 16:58:19 | INFO | {"email":"mohamed@gmail.com","password":"123456aS"}
2024-04-20 16:58:25 | INFO | {"email":"mohame@gmail.com","password":"123456aS"}
2024-04-20 16:58:31 | INFO | {"email":"mohamed@gmail.com","password":"123456aS"}
2024-04-20 17:03:13 | INFO | {"email":"mohamed@gmail.com","password":"123456aS"}
2024-04-20 17:04:13 | INFO | {"email":"mohamed@gmail.com","password":"123456aS"}
2024-04-20 17:06:51 | INFO | {"email":"mohamed@gmail.com","password":"123456aS"}
2024-04-20 17:08:14 | INFO | {"email":"mohamed@gmail.com","password":"123456aS"}
2024-04-20 17:08:35 | INFO | {"email":"mohamed@gmail.com","password":"123456aS"}
2024-04-20 17:10:24 | INFO | {"firstName":"youns","LastName":"sayed","email":"youns@gmail.com","password":"123456aS"}
2024-04-20 17:10:40 | INFO | {"email":"youns@gmail.com","password":"123456aS"}
2024-04-21 15:17:51 | INFO | {"email":"youns@gmail.com","password":"123456aS"}
2024-04-21 15:20:01 | INFO | {"email":"youns@gmail.com","password":"123456aS"}
2024-04-21 15:22:30 | INFO | {"email":"youns@gmail.com","password":"123456aS"}
2024-04-21 15:26:02 | INFO | {"email":"youns@gmail.com","password":"123456aS"}
2024-04-21 15:26:30 | INFO | {"email":"youns@gmail.com","password":"123456aS"}
2024-04-21 15:27:59 | INFO | {"email":"youns@gmail.com","password":"123456aS"}
2024-04-21 15:41:39 | INFO | {"email":"youns@gmail.com","password":"123456aS"}
2024-04-21 15:43:34 | INFO | {"email":"youns@gmail.com","password":"123456aS"}
2024-04-21 15:43:59 | INFO | {"email":"youns@gmail.com","password":"123456aS"}
2024-04-21 15:46:58 | INFO | {"email":"youns@gmail.com","password":"123456aS"}
2024-04-21 15:52:36 | INFO | {"email":"youns@gmail.com","password":"123456aS"}
2024-04-21 15:54:14 | INFO | {"email":"youns@gmail.com","password":"123456aS"}
2024-04-21 15:54:36 | INFO | {"email":"youns@gmail.com","password":"123456aS"}
2024-04-21 15:54:37 | INFO | {"email":"youns@gmail.com","password":"123456aS"}
2024-04-21 15:54:39 | INFO | {"email":"youns@gmail.com","password":"123456aS"}
2024-04-21 16:55:37 | INFO | {"email":"youns@gmail.com","password":"123456aS"}
2024-04-21 16:56:21 | INFO | {"email":"mora@gmail.com","password":"123456aS"}
2024-04-21 17:11:25 | INFO | {"email":"youns@gmail.com","password":"123456aS"}
2024-04-21 17:41:02 | INFO | {"email":"youns@gmail.com","password":"123456aS"}
2024-04-21 17:44:04 | ERROR | Cannot read properties of undefined (reading 'split')
2024-04-21 17:44:57 | ERROR | Cannot read properties of undefined (reading 'split')
2024-04-21 17:46:03 | INFO | {"email":"youns@gmail.com","password":"123456aS"}
2024-04-21 17:51:26 | ERROR | Cannot read properties of undefined (reading 'split')
2024-04-21 17:52:42 | ERROR | Cannot read properties of undefined (reading 'split')
2024-04-21 17:55:17 | INFO | {"email":"youns@gmail.com","password":"123456aS"}
2024-04-21 17:58:55 | ERROR | jwt must be provided
2024-04-21 17:59:40 | ERROR | jwt must be provided
2024-04-21 18:01:49 | ERROR | jwt must be provided
2024-04-21 18:03:44 | ERROR | jwt must be provided
2024-04-21 18:04:04 | INFO | {"email":"youns@gmail.com","password":"123456aS"}
2024-04-21 18:22:42 | ERROR | jwt must be provided
2024-04-21 18:23:20 | INFO | {"email":"youns@gmail.com","password":"123456aS"}
2024-04-21 18:26:41 | ERROR | jwt must be provided
2024-04-21 18:27:00 | ERROR | jwt must be provided
2024-04-21 18:27:20 | INFO | {"email":"youns@gmail.com","password":"123456aS"}
2024-04-22 12:37:42 | ERROR | jwt must be provided
2024-04-22 12:38:00 | ERROR | jwt must be provided
2024-04-22 12:38:21 | ERROR | jwt must be provided
2024-04-22 12:39:25 | ERROR | jwt must be provided
2024-04-22 12:39:59 | ERROR | jwt must be provided
2024-04-22 12:41:11 | ERROR | jwt must be provided
2024-04-22 12:41:53 | ERROR | jwt must be provided
2024-04-22 12:44:44 | INFO | {"email":"youns@gmail.com","password":"123456aS"}
2024-04-22 12:44:51 | INFO | {"email":"youns@gmail.com","password":"123456aS"}
2024-04-22 12:51:26 | ERROR | jwt must be provided
2024-04-22 12:53:20 | ERROR | jwt must be provided
2024-04-22 12:55:58 | ERROR | jwt must be provided
2024-04-22 12:56:12 | INFO | {"email":"youns@gmail.com","password":"123456aS"}
2024-04-22 13:10:25 | ERROR | jwt must be provided
2024-04-22 13:10:47 | INFO | {"email":"youns@gmail.com","password":"123456aS"}
2024-04-22 13:19:08 | ERROR | jwt must be provided
2024-04-22 13:19:26 | INFO | {"email":"youns@gmail.com","password":"123456aS"}
2024-04-25 10:18:12 | ERROR | jwt must be provided
2024-04-25 10:18:19 | ERROR | jwt must be provided
2024-04-25 10:19:10 | ERROR | jwt must be provided
2024-04-25 10:21:22 | INFO | {"email":"youns@gmail.com","password":"123456aS"}
2024-04-25 10:26:25 | INFO | {"email":"youns@gmail.com","password":"123456aS"}
2024-04-25 11:27:07 | ERROR | user validation failed: password: Path `password` is required.
2024-04-26 22:38:59 | ERROR | jwt must be provided
2024-04-26 22:38:59 | ERROR | jwt must be provided
2024-04-26 22:38:59 | ERROR | jwt must be provided
2024-04-26 22:38:59 | ERROR | jwt must be provided
2024-04-26 22:38:59 | ERROR | jwt must be provided
2024-04-26 22:38:59 | ERROR | jwt must be provided
2024-04-26 22:39:26 | ERROR | jwt must be provided
2024-04-26 22:39:26 | ERROR | jwt must be provided
2024-04-26 22:39:26 | ERROR | jwt must be provided
2024-04-26 22:39:26 | ERROR | jwt must be provided
2024-04-26 22:39:26 | ERROR | jwt must be provided
2024-04-26 22:39:26 | ERROR | jwt must be provided
2024-04-26 22:39:35 | ERROR | jwt must be provided
2024-04-26 22:39:35 | ERROR | jwt must be provided
2024-04-26 22:41:05 | ERROR | jwt must be provided
2024-04-26 22:41:05 | ERROR | jwt must be provided
2024-04-26 22:43:13 | ERROR | jwt must be provided
2024-04-26 22:43:13 | ERROR | jwt must be provided
2024-04-26 22:43:13 | ERROR | jwt must be provided
2024-04-26 22:43:13 | ERROR | jwt must be provided
2024-04-26 22:43:40 | ERROR | jwt must be provided
2024-04-26 22:43:40 | ERROR | jwt must be provided
2024-04-26 22:43:40 | ERROR | jwt must be provided
2024-04-26 22:43:40 | ERROR | jwt must be provided
2024-04-26 22:44:42 | ERROR | jwt must be provided
2024-04-26 22:44:48 | ERROR | jwt must be provided
2024-04-26 22:44:48 | ERROR | jwt must be provided
2024-04-26 22:44:48 | ERROR | jwt must be provided
2024-04-26 22:44:48 | ERROR | jwt must be provided
2024-04-26 22:48:50 | ERROR | jwt must be provided
2024-04-26 22:48:50 | ERROR | jwt must be provided
2024-04-26 22:48:50 | ERROR | jwt must be provided
2024-04-26 22:48:50 | ERROR | jwt must be provided
2024-04-26 22:48:50 | ERROR | jwt must be provided
2024-04-26 22:48:50 | ERROR | jwt must be provided
2024-04-26 22:49:28 | ERROR | jwt must be provided
2024-04-26 22:49:28 | ERROR | jwt must be provided
2024-04-26 22:49:28 | ERROR | jwt must be provided
2024-04-26 22:49:28 | ERROR | jwt must be provided
2024-04-26 22:49:28 | ERROR | jwt must be provided
2024-04-26 22:49:28 | ERROR | jwt must be provided
2024-04-26 22:49:35 | ERROR | jwt must be provided
2024-04-26 22:49:35 | ERROR | jwt must be provided
2024-04-26 22:50:16 | ERROR | jwt must be provided
2024-04-26 22:50:16 | ERROR | jwt must be provided
2024-04-26 22:51:09 | ERROR | jwt must be provided
2024-04-26 22:51:09 | ERROR | jwt must be provided
2024-04-26 22:51:14 | ERROR | jwt must be provided
2024-04-26 22:51:14 | ERROR | jwt must be provided
2024-04-26 22:51:14 | ERROR | jwt must be provided
2024-04-26 22:51:14 | ERROR | jwt must be provided
2024-04-26 22:51:14 | ERROR | jwt must be provided
2024-04-26 22:51:14 | ERROR | jwt must be provided
2024-04-26 22:52:07 | ERROR | jwt must be provided
2024-04-26 22:52:07 | ERROR | jwt must be provided
2024-04-26 22:52:07 | ERROR | jwt must be provided
2024-04-26 22:52:07 | ERROR | jwt must be provided
2024-04-26 22:52:07 | ERROR | jwt must be provided
2024-04-26 22:52:07 | ERROR | jwt must be provided
2024-04-26 22:56:09 | ERROR | jwt must be provided
2024-04-26 22:56:09 | ERROR | jwt must be provided
2024-04-26 22:56:09 | ERROR | jwt must be provided
2024-04-26 22:56:09 | ERROR | jwt must be provided
2024-04-26 22:56:09 | ERROR | jwt must be provided
2024-04-26 22:56:09 | ERROR | jwt must be provided
2024-04-26 22:57:03 | ERROR | jwt must be provided
2024-04-26 22:57:03 | ERROR | jwt must be provided
2024-04-26 23:00:11 | ERROR | jwt must be provided
2024-04-26 23:00:11 | ERROR | jwt must be provided
2024-04-26 23:00:11 | ERROR | jwt must be provided
2024-04-26 23:00:11 | ERROR | jwt must be provided
2024-04-26 23:00:11 | ERROR | jwt must be provided
2024-04-26 23:00:11 | ERROR | jwt must be provided
2024-04-26 23:10:21 | INFO | {"firstName":"youns","LastName":"sayed","email":"youns@gmail.com","password":"123456as"}
2024-04-26 23:11:07 | INFO | {"email":"youns@gmail.com","password":"123456as"}
2024-04-26 23:11:16 | ERROR | jwt must be provided
2024-04-26 23:11:16 | ERROR | jwt must be provided
2024-04-26 23:11:16 | ERROR | jwt must be provided
2024-04-26 23:11:16 | ERROR | jwt must be provided
2024-04-26 23:11:16 | ERROR | jwt must be provided
2024-04-26 23:11:16 | ERROR | jwt must be provided
2024-04-26 23:13:00 | ERROR | jwt must be provided
2024-04-26 23:13:00 | ERROR | jwt must be provided
2024-04-26 23:13:00 | ERROR | jwt must be provided
2024-04-26 23:13:00 | ERROR | jwt must be provided
2024-04-26 23:13:00 | ERROR | jwt must be provided
2024-04-26 23:13:00 | ERROR | jwt must be provided
2024-04-26 23:13:36 | ERROR | jwt must be provided
2024-04-26 23:13:36 | ERROR | jwt must be provided
2024-04-26 23:15:04 | ERROR | jwt must be provided
2024-04-26 23:15:12 | ERROR | jwt must be provided
2024-04-26 23:15:52 | ERROR | jwt must be provided
2024-04-26 23:15:55 | ERROR | jwt must be provided
2024-04-26 23:15:55 | ERROR | jwt must be provided
2024-04-26 23:15:55 | ERROR | jwt must be provided
2024-04-26 23:15:55 | ERROR | jwt must be provided
2024-04-26 23:15:55 | ERROR | jwt must be provided
2024-04-26 23:15:55 | ERROR | jwt must be provided
2024-04-26 23:16:15 | ERROR | jwt must be provided
2024-04-26 23:16:15 | ERROR | jwt must be provided
2024-04-26 23:16:15 | ERROR | jwt must be provided
2024-04-26 23:16:16 | ERROR | jwt must be provided
2024-04-26 23:16:16 | ERROR | jwt must be provided
2024-04-26 23:16:16 | ERROR | jwt must be provided
2024-04-26 23:16:59 | ERROR | jwt must be provided
2024-04-26 23:16:59 | ERROR | jwt must be provided
2024-04-26 23:16:59 | ERROR | jwt must be provided
2024-04-26 23:16:59 | ERROR | jwt must be provided
2024-04-26 23:16:59 | ERROR | jwt must be provided
2024-04-26 23:16:59 | ERROR | jwt must be provided
2024-04-26 23:19:15 | INFO | {"firstName":"mohamed","LastName":"sayed","email":"mohamed@gmail.com","password":"123456as"}
2024-04-26 23:19:40 | INFO | {"email":"mohamed@gmail.com","password":"123456as"}
2024-04-26 23:22:24 | ERROR | jwt must be provided
2024-04-26 23:22:24 | ERROR | jwt must be provided
2024-04-26 23:22:24 | ERROR | jwt must be provided
2024-04-26 23:22:24 | ERROR | jwt must be provided
2024-04-26 23:22:24 | ERROR | jwt must be provided
2024-04-26 23:22:24 | ERROR | jwt must be provided
2024-04-26 23:22:35 | ERROR | jwt must be provided
2024-04-26 23:22:35 | ERROR | jwt must be provided
2024-04-26 23:23:37 | ERROR | jwt must be provided
2024-04-26 23:23:43 | ERROR | jwt must be provided
2024-04-26 23:23:50 | ERROR | jwt must be provided
2024-04-26 23:23:50 | ERROR | jwt must be provided
2024-04-26 23:23:50 | ERROR | jwt must be provided
2024-04-26 23:23:50 | ERROR | jwt must be provided
2024-04-26 23:23:50 | ERROR | jwt must be provided
2024-04-26 23:23:50 | ERROR | jwt must be provided
2024-04-26 23:24:18 | ERROR | jwt must be provided
2024-04-26 23:24:23 | ERROR | jwt must be provided
2024-04-26 23:31:25 | ERROR | jwt must be provided
2024-04-26 23:31:27 | ERROR | jwt must be provided
2024-04-26 23:31:43 | ERROR | jwt must be provided
2024-04-26 23:31:43 | ERROR | jwt must be provided
2024-04-26 23:31:43 | ERROR | jwt must be provided
2024-04-26 23:31:43 | ERROR | jwt must be provided
2024-04-26 23:31:43 | ERROR | jwt must be provided
2024-04-26 23:31:43 | ERROR | jwt must be provided
2024-04-26 23:31:47 | ERROR | jwt must be provided
2024-04-26 23:31:47 | ERROR | jwt must be provided
2024-04-26 23:31:56 | ERROR | jwt must be provided
2024-04-26 23:31:56 | ERROR | jwt must be provided
2024-04-26 23:32:04 | ERROR | jwt must be provided
2024-04-26 23:32:04 | ERROR | jwt must be provided
2024-04-26 23:33:00 | ERROR | jwt must be provided
2024-04-26 23:33:00 | ERROR | jwt must be provided
2024-04-26 23:33:00 | ERROR | jwt must be provided
2024-04-26 23:33:00 | ERROR | jwt must be provided
2024-04-26 23:33:00 | ERROR | jwt must be provided
2024-04-26 23:33:00 | ERROR | jwt must be provided
2024-04-26 23:33:33 | ERROR | jwt must be provided
2024-04-26 23:33:33 | ERROR | jwt must be provided
2024-04-26 23:37:54 | ERROR | jwt must be provided
2024-04-26 23:37:54 | ERROR | jwt must be provided
2024-04-26 23:37:54 | ERROR | jwt must be provided
2024-04-26 23:37:54 | ERROR | jwt must be provided
2024-04-26 23:37:54 | ERROR | jwt must be provided
2024-04-26 23:37:54 | ERROR | jwt must be provided
2024-04-26 23:42:33 | ERROR | jwt must be provided
2024-04-26 23:42:37 | ERROR | jwt must be provided
2024-04-26 23:46:10 | ERROR | jwt must be provided
2024-04-26 23:46:10 | ERROR | jwt must be provided
2024-04-26 23:46:10 | ERROR | jwt must be provided
2024-04-26 23:46:10 | ERROR | jwt must be provided
2024-04-26 23:46:10 | ERROR | jwt must be provided
2024-04-26 23:46:10 | ERROR | jwt must be provided
2024-04-26 23:46:54 | ERROR | jwt must be provided
2024-04-26 23:46:54 | ERROR | jwt must be provided
2024-04-26 23:46:54 | ERROR | jwt must be provided
2024-04-26 23:46:54 | ERROR | jwt must be provided
2024-04-26 23:46:54 | ERROR | jwt must be provided
2024-04-26 23:46:54 | ERROR | jwt must be provided
2024-04-26 23:47:29 | ERROR | jwt must be provided
2024-04-26 23:47:29 | ERROR | jwt must be provided
2024-04-26 23:47:41 | ERROR | jwt must be provided
2024-04-26 23:47:41 | ERROR | jwt must be provided
2024-04-26 23:47:41 | ERROR | jwt must be provided
2024-04-26 23:47:41 | ERROR | jwt must be provided
2024-04-26 23:47:41 | ERROR | jwt must be provided
2024-04-26 23:47:41 | ERROR | jwt must be provided
2024-04-26 23:49:53 | ERROR | jwt must be provided
2024-04-26 23:49:54 | ERROR | jwt must be provided
2024-04-26 23:49:54 | ERROR | jwt must be provided
2024-04-26 23:49:54 | ERROR | jwt must be provided
2024-04-26 23:49:54 | ERROR | jwt must be provided
2024-04-26 23:49:54 | ERROR | jwt must be provided
2024-04-26 23:50:31 | ERROR | jwt must be provided
2024-04-26 23:50:31 | ERROR | jwt must be provided
2024-04-26 23:55:00 | ERROR | jwt must be provided
2024-04-26 23:55:00 | ERROR | jwt must be provided
2024-04-26 23:55:00 | ERROR | jwt must be provided
2024-04-26 23:55:00 | ERROR | jwt must be provided
2024-04-26 23:55:00 | ERROR | jwt must be provided
2024-04-26 23:55:00 | ERROR | jwt must be provided
2024-04-26 23:55:35 | ERROR | jwt must be provided
2024-04-26 23:55:35 | ERROR | jwt must be provided
2024-04-26 23:57:28 | ERROR | jwt must be provided
2024-04-26 23:57:28 | ERROR | jwt must be provided
2024-04-26 23:58:11 | ERROR | jwt must be provided
2024-04-26 23:58:11 | ERROR | jwt must be provided
2024-04-26 23:58:47 | ERROR | Cannot read properties of undefined (reading '_id')
2024-04-26 23:58:47 | ERROR | Cannot read properties of undefined (reading '_id')
2024-04-26 23:58:47 | ERROR | Cannot read properties of undefined (reading '_id')
2024-04-26 23:58:47 | ERROR | Cannot read properties of undefined (reading '_id')
2024-04-26 23:58:47 | ERROR | Cannot read properties of undefined (reading '_id')
2024-04-26 23:58:47 | ERROR | Cannot read properties of undefined (reading '_id')
2024-04-26 23:59:39 | ERROR | Cannot read properties of undefined (reading '_id')
2024-04-26 23:59:39 | ERROR | Cannot read properties of undefined (reading '_id')
2024-04-26 23:59:39 | ERROR | Cannot read properties of undefined (reading '_id')
2024-04-26 23:59:39 | ERROR | Cannot read properties of undefined (reading '_id')
2024-04-26 23:59:39 | ERROR | Cannot read properties of undefined (reading '_id')
2024-04-26 23:59:39 | ERROR | Cannot read properties of undefined (reading '_id')
2024-04-27 00:06:04 | ERROR | jwt must be provided
2024-04-27 00:06:04 | ERROR | jwt must be provided
2024-04-27 00:06:33 | ERROR | jwt must be provided
2024-04-27 00:06:33 | ERROR | jwt must be provided
2024-04-27 00:06:33 | ERROR | jwt must be provided
2024-04-27 00:06:33 | ERROR | jwt must be provided
2024-04-29 09:19:15 | ERROR | jwt must be provided
2024-04-29 09:19:15 | ERROR | jwt must be provided
2024-04-29 09:19:15 | ERROR | jwt must be provided
2024-04-29 09:19:15 | ERROR | jwt must be provided
2024-04-29 09:19:15 | ERROR | jwt must be provided
2024-04-29 09:19:15 | ERROR | jwt must be provided
2024-04-29 09:20:03 | ERROR | jwt must be provided
2024-04-29 09:20:03 | ERROR | jwt must be provided
2024-04-29 09:20:03 | ERROR | jwt must be provided
2024-04-29 09:20:03 | ERROR | jwt must be provided
2024-04-29 09:20:03 | ERROR | jwt must be provided
2024-04-29 09:20:03 | ERROR | jwt must be provided
2024-04-29 09:28:36 | ERROR | jwt must be provided
2024-04-29 09:28:36 | ERROR | jwt must be provided
2024-04-29 09:28:36 | ERROR | jwt must be provided
2024-04-29 09:28:36 | ERROR | jwt must be provided
2024-04-29 09:28:36 | ERROR | jwt must be provided
2024-04-29 09:28:36 | ERROR | jwt must be provided
2024-04-29 09:35:40 | ERROR | jwt must be provided
2024-04-29 09:35:40 | ERROR | jwt must be provided
2024-04-29 09:35:40 | ERROR | jwt must be provided
2024-04-29 09:35:40 | ERROR | jwt must be provided
2024-04-29 09:35:40 | ERROR | jwt must be provided
2024-04-29 09:35:40 | ERROR | jwt must be provided
2024-04-29 09:37:14 | ERROR | jwt must be provided
2024-04-29 09:37:14 | ERROR | jwt must be provided
2024-04-29 09:37:14 | ERROR | jwt must be provided
2024-04-29 09:37:14 | ERROR | jwt must be provided
2024-04-29 09:37:14 | ERROR | jwt must be provided
2024-04-29 09:37:14 | ERROR | jwt must be provided
2024-04-29 09:39:45 | ERROR | jwt must be provided
2024-04-29 09:39:45 | ERROR | jwt must be provided
2024-04-29 09:39:45 | ERROR | jwt must be provided
2024-04-29 09:39:45 | ERROR | jwt must be provided
2024-04-29 09:39:45 | ERROR | jwt must be provided
2024-04-29 09:39:45 | ERROR | jwt must be provided
2024-04-29 09:39:54 | ERROR | jwt must be provided
2024-04-29 09:39:54 | ERROR | jwt must be provided
2024-04-29 09:39:54 | ERROR | jwt must be provided
2024-04-29 09:39:54 | ERROR | jwt must be provided
2024-04-29 09:39:54 | ERROR | jwt must be provided
2024-04-29 09:39:54 | ERROR | jwt must be provided
2024-04-29 09:40:25 | ERROR | jwt must be provided
2024-04-29 09:40:25 | ERROR | jwt must be provided
2024-04-29 09:41:58 | ERROR | jwt must be provided
2024-04-29 09:41:58 | ERROR | jwt must be provided
2024-04-29 09:41:58 | ERROR | jwt must be provided
2024-04-29 09:41:58 | ERROR | jwt must be provided
2024-04-29 09:41:58 | ERROR | jwt must be provided
2024-04-29 09:41:58 | ERROR | jwt must be provided
2024-04-29 10:01:27 | ERROR | jwt must be provided
2024-04-29 10:01:27 | ERROR | jwt must be provided
2024-04-29 10:01:27 | ERROR | jwt must be provided
2024-04-29 10:01:27 | ERROR | jwt must be provided
2024-04-29 10:01:27 | ERROR | jwt must be provided
2024-04-29 10:01:27 | ERROR | jwt must be provided
2024-04-29 10:03:46 | ERROR | jwt must be provided
2024-04-29 10:03:46 | ERROR | jwt must be provided
2024-04-29 10:03:46 | ERROR | jwt must be provided
2024-04-29 10:03:46 | ERROR | jwt must be provided
2024-04-29 10:03:46 | ERROR | jwt must be provided
2024-04-29 10:03:46 | ERROR | jwt must be provided
2024-04-29 10:05:28 | ERROR | jwt must be provided
2024-04-29 10:05:28 | ERROR | jwt must be provided
2024-04-29 10:08:28 | ERROR | jwt must be provided
2024-04-29 10:08:28 | ERROR | jwt must be provided
2024-04-29 10:08:28 | ERROR | jwt must be provided
2024-04-29 10:08:28 | ERROR | jwt must be provided
2024-04-29 10:08:28 | ERROR | jwt must be provided
2024-04-29 10:08:28 | ERROR | jwt must be provided
2024-04-29 10:08:49 | ERROR | jwt must be provided
2024-04-29 10:08:49 | ERROR | jwt must be provided
2024-04-29 10:25:37 | ERROR | jwt must be provided
2024-04-29 10:25:37 | ERROR | jwt must be provided
2024-04-29 10:25:37 | ERROR | jwt must be provided
2024-04-29 10:25:37 | ERROR | jwt must be provided
2024-04-29 10:25:37 | ERROR | jwt must be provided
2024-04-29 10:25:37 | ERROR | jwt must be provided
2024-04-29 10:29:22 | ERROR | jwt must be provided
2024-04-29 10:29:22 | ERROR | jwt must be provided
2024-04-29 10:29:22 | ERROR | jwt must be provided
2024-04-29 10:29:22 | ERROR | jwt must be provided
2024-04-29 11:10:22 | ERROR | jwt must be provided
2024-04-29 11:10:22 | ERROR | jwt must be provided
2024-04-29 11:10:22 | ERROR | jwt must be provided
2024-04-29 11:10:22 | ERROR | jwt must be provided
2024-04-29 11:10:44 | INFO | {"firstName":"soso","LastName":"roshdy","email":"soso@gmail.com","password":"123as123"}
2024-04-29 11:10:44 | ERROR | jwt must be provided
2024-04-29 11:10:44 | ERROR | jwt must be provided
2024-04-29 11:13:50 | ERROR | jwt must be provided
2024-04-29 11:14:04 | ERROR | jwt must be provided
2024-04-29 11:14:04 | ERROR | jwt must be provided
2024-04-29 11:14:13 | ERROR | jwt must be provided
2024-04-29 11:14:15 | ERROR | jwt must be provided
2024-04-29 11:14:19 | ERROR | jwt must be provided
2024-04-29 11:14:27 | ERROR | jwt must be provided
2024-04-29 11:14:27 | ERROR | jwt must be provided
2024-04-29 11:14:27 | ERROR | jwt must be provided
2024-04-29 11:14:27 | ERROR | jwt must be provided
2024-04-29 11:14:27 | ERROR | jwt must be provided
2024-04-29 11:14:27 | ERROR | jwt must be provided
2024-04-29 11:14:38 | INFO | {"email":"soso@gmail.com","password":"123as123"}
2024-04-29 11:16:45 | INFO | {"firstName":"mohamed","LastName":"mahmoud","email":"mohamed@gmail.com","password":"123456as"}
2024-04-29 11:18:13 | INFO | {"email":"soso@gmail.com","password":"123as123"}
2024-04-29 11:43:52 | INFO | {"email":"mohamed@gmail.com","password":"123456as"}
2024-04-29 11:45:15 | INFO | {"email":"mohamed@gmail.com","password":"123456as"}
2024-04-29 12:21:24 | INFO | {"email":"mohamed@gmail.com","password":"123456as"}
2024-04-29 12:43:42 | INFO | {"email":"soso@gmail.com","password":"123as123"}
2024-04-29 12:43:48 | INFO | {"email":"soso@gmail.com","password":"123as123"}
2024-04-29 12:44:14 | INFO | {"email":"soso@gmail.com","password":"123as123"}
2024-04-29 12:44:35 | INFO | {"email":"soso@gmail.com","password":"123as123"}
2024-04-29 12:44:42 | INFO | {"email":"soso@gmail.com","password":"123as123"}
2024-04-29 12:44:54 | INFO | {"email":"soso@gmail.com","password":"123as123"}
2024-04-29 12:53:58 | INFO | {"email":"soso@gmail.com","password":"123as123"}
2024-04-29 12:55:58 | INFO | {"email":"mohamed@gmail.com","password":"123456as"}
2024-04-29 12:56:44 | INFO | {"email":"mohamed@gmail.com","password":"123456as"}
2024-04-29 13:00:51 | INFO | {"email":"mohamed@gmail.com","password":"123456as"}
2024-04-29 13:02:39 | INFO | {"firstName":"youns","LastName":"sayed","email":"youns5@gmail.com","password":"1234as1234"}
2024-04-29 13:03:00 | INFO | {"email":"youns5@gmail.com","password":"1234as1234"}
2024-05-03 19:49:56 | INFO | {"email":"youns@gmail.com","password":"123456aS"}
2024-05-03 19:50:50 | INFO | {"firstName":"soso","LastName":"mada","email":"youns@gmail.com","password":"123456aS"}
2024-05-03 19:50:59 | INFO | {"firstName":"soso","LastName":"mada","email":"youns44@gmail.com","password":"123456aS"}
2024-05-03 19:51:16 | INFO | {"email":"youns44@gmail.com","password":"123456aS"}
